number,value,datetime_start,datetime_complete,duration,params_colsample_bytree,params_gamma,params_k_features,params_learning_rate,params_max_depth,params_min_child_weight,params_n_estimators,params_reg_alpha,params_reg_lambda,params_subsample,state
0,0.6063020734525305,2026-05-28 17:48:15.958555,2026-05-28 17:48:18.238286,0 days 00:00:02.279731,0.6201975341512912,4.330880728874676,29,0.04426505507739147,4,1.1552680028079323,862,0.06677615511747077,5.8692285114717775,0.6202083881990965,COMPLETE
1,0.5681212178799663,2026-05-28 17:48:18.238893,2026-05-28 17:48:19.777963,0 days 00:00:01.539070,0.6325320294340453,2.6237821581611893,9,0.01694932417124433,5,2.129769105510178,877,0.010707712109770782,1.0192873377205895,0.6318212352431953,COMPLETE
2,0.5944621052341275,2026-05-28 17:48:19.778034,2026-05-28 17:48:19.915472,0 days 00:00:00.137438,0.9033291826268561,2.571172192068058,42,0.02485254280893949,3,1.6424199098700283,228,0.06077686426194467,0.36462174779217404,0.7552314928976662,COMPLETE
3,0.5938371703143576,2026-05-28 17:48:19.915514,2026-05-28 17:48:20.039521,0 days 00:00:00.124007,0.9137788066524075,0.48836057003191935,42,0.10568649045073551,2,2.131736233194157,253,0.16413094407760043,1.905106397402321,0.9845344148835518,COMPLETE
4,0.6012114921505728,2026-05-28 17:48:20.039557,2026-05-28 17:48:20.155837,0 days 00:00:00.116280,0.8481350279592919,2.600340105889054,14,0.09579029805226609,2,2.1696653211808674,506,0.03706595581487583,0.6520470162863903,0.6664509917200077,COMPLETE
5,0.591470565636165,2026-05-28 17:48:20.155873,2026-05-28 17:48:20.341150,0 days 00:00:00.185277,0.9648434057604026,0.979914312095726,63,0.09240189863957583,5,1.245946655446098,725,0.00016312543168284647,1.1762349745037362,0.8190549904649883,COMPLETE
6,0.6316384725515476,2026-05-28 17:48:20.341189,2026-05-28 17:48:20.461347,0 days 00:00:00.120158,0.7942132374212119,4.010984903770199,30,0.024266184742596376,5,1.4193280334856115,331,0.00022403260998810274,18.928359017833206,0.6764205293593214,COMPLETE
7,0.5874695752964405,2026-05-28 17:48:20.461384,2026-05-28 17:48:20.588539,0 days 00:00:00.127155,0.8780532256184443,0.3702232586704518,52,0.07586311661632818,2,6.797363478611678,275,0.0048352585996829555,0.48804047955123186,0.8680858047314277,COMPLETE
8,0.6028391435026713,2026-05-28 17:48:20.588572,2026-05-28 17:48:20.748696,0 days 00:00:00.160124,0.6963324949120362,3.1877873567760657,57,0.011710919068010249,3,6.1288261826461685,606,1.4756591831687822,2.1797073283273325,0.689942044772048,COMPLETE
9,0.5843433033232529,2026-05-28 17:48:20.748740,2026-05-28 17:48:20.885032,0 days 00:00:00.136292,0.7722080183639759,2.137705091792748,14,0.040338507491290705,5,3.6654176448828446,677,0.0001316569270260006,0.471960194555155,0.8969352309795524,COMPLETE
10,0.5671511705978658,2026-05-28 17:48:20.885065,2026-05-28 17:48:21.029221,0 days 00:00:00.144156,0.5674263399825324,1.626799989856424,9,0.010456446489411726,4,10.85841883793032,848,0.0032845904143974686,5.249960900866865,0.5573332488673536,COMPLETE
11,0.5641481466001105,2026-05-28 17:48:21.029261,2026-05-28 17:48:21.168283,0 days 00:00:00.139022,0.5553557694303171,1.5155636314750252,8,0.010742177480450988,4,11.733160245716277,858,0.002507042909496018,5.525731244653907,0.5576913547977205,COMPLETE
12,0.5867861237744113,2026-05-28 17:48:21.168321,2026-05-28 17:48:21.326946,0 days 00:00:00.158625,0.5651136482205126,1.7139964413315816,23,0.010647135623562561,4,11.764885215385876,772,0.001590433582645576,6.643594466306179,0.5622909211827333,COMPLETE
13,0.5657716945589224,2026-05-28 17:48:21.326997,2026-05-28 17:48:21.454762,0 days 00:00:00.127765,0.5584580619826673,1.3567154424978691,8,0.016113218434489377,4,11.617603707394817,505,0.0012029132696215804,5.444153425530284,0.5620080103117341,COMPLETE
14,0.5738597475440137,2026-05-28 17:48:21.454815,2026-05-28 17:48:21.594142,0 days 00:00:00.139327,0.679442773983228,1.1364872130874863,19,0.016978047327258553,3,7.061777776223837,482,0.0008441888479705726,12.912444405819082,0.7535468407949238,COMPLETE
15,0.5743286000825213,2026-05-28 17:48:21.594177,2026-05-28 17:48:21.746121,0 days 00:00:00.151944,0.5521518297772572,0.03744233907193806,23,0.016142677598859772,4,4.49108940360909,401,0.0006677992384769514,3.9067937238848414,0.5521330538438902,COMPLETE
16,0.6022643742237758,2026-05-28 17:48:21.746160,2026-05-28 17:48:21.841552,0 days 00:00:00.095392,0.705509314992699,3.4483721260588363,8,0.025244074419942215,4,9.208436139706999,141,0.011200051943762702,9.157385336736823,0.6037436035503044,COMPLETE
17,0.5761118708374109,2026-05-28 17:48:21.841589,2026-05-28 17:48:21.996998,0 days 00:00:00.155409,0.625420254066169,1.2279941579862328,33,0.014245719027894134,3,8.536422840804534,607,0.6631507769566573,3.3552645741110916,0.7196481868448702,COMPLETE
18,0.5894463146547598,2026-05-28 17:48:21.997035,2026-05-28 17:48:22.127316,0 days 00:00:00.130281,0.7559504573655909,1.811805584790254,17,0.05329213700883053,4,5.121466538978792,432,0.0006264097659140727,10.696508477878485,0.59914363448589,COMPLETE
19,0.6488097524348613,2026-05-28 17:48:22.127350,2026-05-28 17:48:22.260171,0 days 00:00:00.132821,0.6036818610738428,4.906565433791467,39,0.02124753106079587,3,8.603157962689345,607,4.677754615679879,3.025329375002239,0.8111350965589179,COMPLETE
20,0.5734646136458372,2026-05-28 17:48:22.260206,2026-05-28 17:48:22.418291,0 days 00:00:00.158085,0.6700176647623434,0.7670689605504858,24,0.030661293645023287,5,3.1162781139993525,558,0.0027636670369403675,17.603216936371687,0.6409277509009592,COMPLETE
21,0.5704605802605152,2026-05-28 17:48:22.418325,2026-05-28 17:48:22.561937,0 days 00:00:00.143612,0.5814787734929441,1.4077658162168274,11,0.010465208820918672,4,11.170903095481876,805,0.008749348614960482,4.961868801299768,0.571967909987484,COMPLETE
22,0.5994404348176345,2026-05-28 17:48:22.561969,2026-05-28 17:48:22.693964,0 days 00:00:00.131995,0.5610121206749563,2.0699310420135095,15,0.013181180418001042,4,11.735821795984554,692,0.0019269830047738963,6.985764806268466,0.5520501037340226,COMPLETE
23,0.5613073051141503,2026-05-28 17:48:22.693998,2026-05-28 17:48:22.835942,0 days 00:00:00.141944,0.6426895888036355,1.560918110795305,8,0.013542823064147473,4,9.085167208842114,808,0.0003740682452083114,4.7108869820178825,0.616182779121147,COMPLETE
24,0.5913174272183765,2026-05-28 17:48:22.835978,2026-05-28 17:48:22.989353,0 days 00:00:00.153375,0.6513815774903151,2.177107980119119,21,0.0196529905929511,4,9.08599675789578,768,0.00037813245002331835,8.055553150120026,0.5943500482805062,COMPLETE
25,0.5718384397664856,2026-05-28 17:48:22.989386,2026-05-28 17:48:23.123616,0 days 00:00:00.134230,0.7249639887457084,0.7776845615266526,13,0.014681877529570469,3,7.603442548495124,688,0.001244845777151647,4.3019108843071985,0.6499436608536622,COMPLETE
26,0.5694049395331368,2026-05-28 17:48:23.123650,2026-05-28 17:48:23.267197,0 days 00:00:00.143547,0.5910329656227108,3.031542071613903,8,0.01230264543673888,4,5.428064897351119,810,0.0003611692580173996,1.6111526522472202,0.7067059510231605,COMPLETE
27,0.5825877166461637,2026-05-28 17:48:23.267233,2026-05-28 17:48:23.420471,0 days 00:00:00.153238,0.6453755924307463,1.4564085976302599,26,0.019706376792690106,5,9.886110863169046,895,0.006615724956336685,2.7887148921795633,0.5931625000063658,COMPLETE
28,0.5965566831806579,2026-05-28 17:48:23.420512,2026-05-28 17:48:23.552555,0 days 00:00:00.132043,0.6048175242646605,1.8597517165631392,17,0.013660930646363742,4,4.043682953620901,387,0.019434577745753825,13.682595873680436,0.6317541322087327,COMPLETE
29,0.5628670234965193,2026-05-28 17:48:23.552592,2026-05-28 17:48:23.719240,0 days 00:00:00.166648,0.6110617907543311,0.4782584990559101,49,0.03172380160380809,4,2.844081173197796,467,0.000359860858690501,5.1502273568409525,0.6217021004561943,COMPLETE
30,0.5702234464606721,2026-05-28 17:48:23.719284,2026-05-28 17:48:23.899302,0 days 00:00:00.180018,0.720276248963353,0.20649336902789978,48,0.0657989664479501,3,2.7157554900999443,640,0.00010335260152989802,4.0070466722373075,0.7399257077882487,COMPLETE
31,0.5605328139913567,2026-05-28 17:48:23.899341,2026-05-28 17:48:24.069183,0 days 00:00:00.169842,0.6106728792635917,0.6371883952492929,53,0.03084354585220281,4,2.9893250810206586,467,0.0003481100744043454,5.6310863816690295,0.6103359724114202,COMPLETE
32,0.561083334271366,2026-05-28 17:48:24.069220,2026-05-28 17:48:24.225487,0 days 00:00:00.156267,0.6261974020808616,0.5816889577863751,49,0.03549318263156423,4,2.6461363680738277,429,0.00032527855639141566,6.999124654954665,0.6108482450375752,COMPLETE
33,0.5646850810653048,2026-05-28 17:48:24.225521,2026-05-28 17:48:24.392644,0 days 00:00:00.167123,0.6252119571254909,0.6350483029780992,49,0.03562694700770501,4,2.624084204886609,451,0.0003131429298304788,9.733708613579594,0.6121311609825196,COMPLETE
34,0.5626940021093096,2026-05-28 17:48:24.392684,2026-05-28 17:48:24.690828,0 days 00:00:00.298144,0.6648953492158022,0.0003183793882118868,56,0.0482742070160929,5,1.667098792598108,361,0.0005206330448334728,2.4281211974619303,0.6538869985051478,COMPLETE
35,0.5642808220993494,2026-05-28 17:48:24.690862,2026-05-28 17:48:24.869163,0 days 00:00:00.178301,0.6595609213269149,0.13519226930819095,57,0.053448955390878995,5,1.8006255683190953,328,0.0005409838970559423,1.499554684072543,0.6611313816715233,COMPLETE
36,0.5756072061807077,2026-05-28 17:48:24.869200,2026-05-28 17:48:25.035163,0 days 00:00:00.165963,0.7403548611100246,0.9158629549482279,63,0.0458920386445762,5,1.0713415741139494,376,0.00018836087758632112,2.129592334195902,0.6995778896970932,COMPLETE
37,0.5653016903985059,2026-05-28 17:48:25.035203,2026-05-28 17:48:25.199032,0 days 00:00:00.163829,0.7934564814966125,0.36556365071113434,44,0.027955471799413177,5,1.8256790063863209,216,0.25718858621146956,1.0252647963612362,0.6398967148150831,COMPLETE
38,0.5705904861669074,2026-05-28 17:48:25.199071,2026-05-28 17:48:25.376920,0 days 00:00:00.177849,0.6823106860078023,1.0819655382493476,57,0.03833116757264904,5,2.2946448514974604,554,0.00017815025241418135,2.8811053376453817,0.66959342707041,COMPLETE
39,0.5628185338600544,2026-05-28 17:48:25.376965,2026-05-28 17:48:25.536650,0 days 00:00:00.159685,0.6416969051074649,0.00990049340327337,55,0.044134919268652276,2,1.5127501056594448,327,0.0008178494237754392,7.365961093573931,0.7911394928498975,COMPLETE
40,0.5805139575712356,2026-05-28 17:48:25.536690,2026-05-28 17:48:25.680555,0 days 00:00:00.143865,0.6981546913715408,0.6027183285920282,61,0.11831287074248653,5,1.3072431360871157,280,0.00010059968672177407,1.671475694527308,0.947228172397452,COMPLETE
41,0.5681490153639202,2026-05-28 17:48:25.680588,2026-05-28 17:48:25.833809,0 days 00:00:00.153221,0.6399852975301953,0.3082788118966588,53,0.04697360504576176,2,1.4478310891754824,339,0.0010427586782965053,7.218868149256479,0.7842980803477902,COMPLETE
42,0.5911432133027241,2026-05-28 17:48:25.833845,2026-05-28 17:48:26.024717,0 days 00:00:00.190872,0.9707014667081524,0.06423316836283219,53,0.060689019673225486,2,1.6233639556345216,534,0.00025265258313966776,3.8886353882273874,0.8346805855932071,COMPLETE
43,0.5692214936547645,2026-05-28 17:48:26.024752,2026-05-28 17:48:26.182383,0 days 00:00:00.157631,0.999107079163688,0.8734459759738745,46,0.03998712439221269,3,2.361887877408502,418,0.0004783063467569005,6.397362909510219,0.780504389820787,COMPLETE
44,0.5826142883305334,2026-05-28 17:48:26.182422,2026-05-28 17:48:26.322771,0 days 00:00:00.140349,0.836082894997535,0.46483996719186294,39,0.07299193929563681,2,1.9777335245446532,344,0.05037959056175742,2.4224871910799206,0.681290886660581,COMPLETE
45,0.561290231497737,2026-05-28 17:48:26.322806,2026-05-28 17:48:26.491320,0 days 00:00:00.168514,0.6310639954110016,0.0036364406071812847,60,0.050955756215358035,3,3.4402021137537058,283,0.004048656750404973,11.498208643192557,0.5832731117623835,COMPLETE
46,0.5678164695403239,2026-05-28 17:48:26.491354,2026-05-28 17:48:26.622731,0 days 00:00:00.131377,0.5996721661999551,0.5794257576197425,60,0.08427615143412853,3,3.364996398797457,231,0.02151571128314506,17.355803327325983,0.5861389878437955,COMPLETE
47,0.5566583233794598,2026-05-28 17:48:26.622768,2026-05-28 17:48:26.782901,0 days 00:00:00.160133,0.6708590601559183,0.2806712282199452,60,0.05551449925831346,3,3.78983801547118,286,0.0038762817286373498,12.079090459707494,0.6202659034011724,COMPLETE
48,0.5790928216297164,2026-05-28 17:48:26.782941,2026-05-28 17:48:26.913514,0 days 00:00:00.130573,0.5841120796084466,0.982529788178925,59,0.06010078085196534,3,3.71554800217188,197,0.004543729078262457,12.330487504780429,0.6177889903604762,COMPLETE
49,0.6066438193058875,2026-05-28 17:48:26.913549,2026-05-28 17:48:27.047670,0 days 00:00:00.134121,0.6230092122010181,2.3593449408007783,51,0.033908430187762434,3,4.522301532561076,291,0.0017819599093102793,14.913895872634964,0.5764207493101612,COMPLETE
50,0.6030449600349618,2026-05-28 17:48:27.047703,2026-05-28 17:48:27.165346,0 days 00:00:00.117643,0.6894107079058307,2.7993464858568085,64,0.052537963698644774,3,3.0338556601274704,156,0.15631160451606593,10.418544273575474,0.6189888695756297,COMPLETE
51,0.5688654562056205,2026-05-28 17:48:27.165379,2026-05-28 17:48:27.349350,0 days 00:00:00.183971,0.6671948138364847,0.2509191314202348,56,0.04961270324860317,4,2.4234746777264196,367,0.012725059090893104,8.398273131910539,0.657393012117555,COMPLETE
52,0.5594908421174116,2026-05-28 17:48:27.349391,2026-05-28 17:48:27.504935,0 days 00:00:00.155544,0.6556031391108083,0.3353974699690041,59,0.042554214840100836,3,4.099001277474984,295,0.004462678595004336,11.69604282471493,0.6306454778185233,COMPLETE
53,0.5639898809285906,2026-05-28 17:48:27.504970,2026-05-28 17:48:27.659120,0 days 00:00:00.154150,0.6278768082394112,0.7319705321654477,62,0.041494150819723075,3,4.011190425555441,254,0.00420029046823834,11.478400541902625,0.582391825641005,COMPLETE
54,0.5886133650023175,2026-05-28 17:48:27.659157,2026-05-28 17:48:27.805405,0 days 00:00:00.146248,0.5734178156751213,1.2385948982897315,59,0.05878027717689824,3,3.3292287041095054,306,0.0064368080523388976,15.731920232082887,0.6315571522895357,COMPLETE
55,0.5642855595217908,2026-05-28 17:48:27.805439,2026-05-28 17:48:27.926283,0 days 00:00:00.120844,0.7133605729378928,0.2791421087232403,32,0.027812740029010078,3,5.914351646488132,172,0.0022892959197175914,9.446418049768093,0.6057615865595022,COMPLETE
56,0.585218755199723,2026-05-28 17:48:27.926317,2026-05-28 17:48:28.085560,0 days 00:00:00.159243,0.6504631663141931,0.45434937475039294,52,0.06897338820870398,4,4.847216496134894,500,0.003148209668377665,0.3152624111064722,0.7262771142230502,COMPLETE
57,0.5781293764486894,2026-05-28 17:48:28.085599,2026-05-28 17:48:28.229086,0 days 00:00:00.143487,0.6120031559009207,1.0314548978768536,54,0.03603512157258191,4,3.7959935398938818,255,0.03227054291308438,5.979720636119619,0.6828226586331466,COMPLETE
58,0.62904365477884,2026-05-28 17:48:28.229122,2026-05-28 17:48:28.374068,0 days 00:00:00.144946,0.6797044585414642,3.946825437812098,59,0.08109086914593187,3,3.192979483262206,422,0.0011065684700007899,19.159700756516596,0.5713447103130709,COMPLETE
59,0.5652317066867708,2026-05-28 17:48:28.374101,2026-05-28 17:48:28.497561,0 days 00:00:00.123460,0.7355193625457223,0.7054412778420384,41,0.043302293357091355,4,2.9481966715488683,124,0.01578002049396355,8.255478908228259,0.5973968950068855,COMPLETE
60,0.5677938669048881,2026-05-28 17:48:28.497596,2026-05-28 17:48:28.680331,0 days 00:00:00.182735,0.593225603267882,0.23221162734641937,35,0.02301008149726993,3,4.257851487730609,574,0.00697215846912321,13.286672537943485,0.647068534779623,COMPLETE
61,0.5687818983264932,2026-05-28 17:48:28.680366,2026-05-28 17:48:28.877126,0 days 00:00:00.196760,0.6628399923334617,0.0029639534515257804,58,0.050446485019249046,3,3.541845277844353,360,0.00022818543921296545,4.418927865309324,0.6302694980502129,COMPLETE
62,0.5627829765911357,2026-05-28 17:48:28.877160,2026-05-28 17:48:29.043666,0 days 00:00:00.166506,0.6316941519274302,0.43557388965741406,61,0.038434837647099235,4,2.103285100859264,309,0.0006168163282171496,10.47770771064476,0.6086536448347052,COMPLETE
63,0.5729323685093425,2026-05-28 17:48:29.043704,2026-05-28 17:48:29.229977,0 days 00:00:00.186273,0.6548073405801272,0.15302724988358712,55,0.057202895459356015,3,2.544434309135293,458,0.001461530220037602,3.4381048202158495,0.6643833135436332,COMPLETE
64,0.5732321368438862,2026-05-28 17:48:29.230013,2026-05-28 17:48:29.405832,0 days 00:00:00.175819,0.6747315816194049,0.5846134151867541,51,0.030786277383362273,4,6.497030344400986,409,0.00013173239659882363,4.687085544993298,0.5681172216823354,COMPLETE
65,0.5734703112954301,2026-05-28 17:48:29.405868,2026-05-28 17:48:29.561266,0 days 00:00:00.155398,0.7028617831986291,0.8431244599347923,64,0.049040972232220044,3,7.7378595541386,393,0.0007823684919761021,0.7124287629325029,0.6506823631104144,COMPLETE
66,0.5805872341446299,2026-05-28 17:48:29.561300,2026-05-28 17:48:29.718232,0 days 00:00:00.156932,0.6131732586060441,1.221703933737786,46,0.06526819166724619,4,2.7742456862451106,443,0.0004203025312104274,6.35261147550559,0.6236622039753894,COMPLETE
67,0.5603109780766975,2026-05-28 17:48:29.718266,2026-05-28 17:48:29.916646,0 days 00:00:00.198380,0.6309105408316381,0.36494892519444333,56,0.026621760722942037,4,5.548724062163047,489,0.003499027289772694,15.071200500587576,0.6974120696587421,COMPLETE
68,0.5849662262187431,2026-05-28 17:48:29.916684,2026-05-28 17:48:30.089921,0 days 00:00:00.173237,0.6394941271100031,1.6609929482848462,62,0.02746514264434933,4,4.774033737054198,489,0.003667244272854966,15.410660991287608,0.696997888378693,COMPLETE
69,0.5710211629011434,2026-05-28 17:48:30.089956,2026-05-28 17:48:30.284297,0 days 00:00:00.194341,0.5798229974228247,0.3765090122118347,50,0.03228812152208789,4,5.566456050804767,642,0.009131087972423863,12.049862856979153,0.5854190032764739,COMPLETE
70,0.5942323884816604,2026-05-28 17:48:30.284334,2026-05-28 17:48:30.427483,0 days 00:00:00.143149,0.6162741417830303,1.9688635726657202,29,0.02467621701902941,4,10.401632648107158,520,0.002205443219055041,8.902139935079756,0.6400320900363317,COMPLETE
71,0.5609630543020838,2026-05-28 17:48:30.427518,2026-05-28 17:48:30.607284,0 days 00:00:00.179766,0.6608102797403136,0.158883428032534,56,0.03734190324163813,4,4.096097616941641,266,0.005687669765828451,13.537884340936623,0.6010809524473282,COMPLETE
72,0.5725334882490598,2026-05-28 17:48:30.607320,2026-05-28 17:48:30.756259,0 days 00:00:00.148939,0.6354070292123647,0.58543114372996,54,0.03590401124970021,4,3.9429955107102126,228,0.005016063752962509,13.986511694218283,0.594241979256066,COMPLETE
73,0.5529384339320378,2026-05-28 17:48:30.756293,2026-05-28 17:48:30.917811,0 days 00:00:00.161518,0.5983923583697845,0.17823451352432457,57,0.04256321231245939,4,4.338583056388233,195,0.011370527179365904,11.282731411822791,0.6035258216847887,COMPLETE
74,0.5662815620867845,2026-05-28 17:48:30.917847,2026-05-28 17:48:31.076308,0 days 00:00:00.158461,0.596984335416618,0.17494208494161997,57,0.029915752952315227,4,4.392630269851415,206,0.0299102106546385,16.411593611382997,0.5516486468969104,COMPLETE
75,0.5612501444774833,2026-05-28 17:48:31.076342,2026-05-28 17:48:31.224100,0 days 00:00:00.147758,0.6039847049165242,0.30469162854195314,60,0.043531555651970456,4,5.136482717806873,186,0.012089582257689321,11.320407008748177,0.6031147660994284,COMPLETE
76,0.5621700447214292,2026-05-28 17:48:31.224135,2026-05-28 17:48:31.379904,0 days 00:00:00.155769,0.5667193146109483,0.36893409392008636,55,0.03331151360954058,4,5.017303058430339,179,0.012804041825966032,19.6886556484821,0.7582653862132106,COMPLETE
77,0.560476080084201,2026-05-28 17:48:31.379938,2026-05-28 17:48:31.534913,0 days 00:00:00.154975,0.6089030269372593,0.7346947198850209,58,0.03752024407097829,4,5.245471040034184,241,0.008074798781978367,9.801478584261261,0.6058174742954865,COMPLETE
78,0.5624742957736615,2026-05-28 17:48:31.534949,2026-05-28 17:48:31.692212,0 days 00:00:00.157263,0.8547416620130897,0.5239412724017916,58,0.03754357126780145,4,5.654067012452636,234,0.007837975827530397,7.588757218072325,0.7142065933309868,COMPLETE
79,0.5677001912364549,2026-05-28 17:48:31.692252,2026-05-28 17:48:31.851075,0 days 00:00:00.158823,0.907617966890831,0.71331679169641,53,0.026222223389565216,4,6.218276753112939,265,0.08581851901753812,9.517019012837522,0.6358508482198001,COMPLETE
