number,value,datetime_start,datetime_complete,duration,params_colsample_bytree,params_gamma,params_k_features,params_learning_rate,params_max_depth,params_min_child_weight,params_n_estimators,params_reg_alpha,params_reg_lambda,params_subsample,state
0,9.034307283371046,2026-05-28 17:48:51.546160,2026-05-28 17:48:51.805395,0 days 00:00:00.259235,0.6201975341512912,4.330880728874676,29,0.04426505507739147,4,1.1552680028079323,862,0.06677615511747077,5.8692285114717775,0.6202083881990965,COMPLETE
1,9.60077195440468,2026-05-28 17:48:51.805433,2026-05-28 17:48:52.023942,0 days 00:00:00.218509,0.6325320294340453,2.6237821581611893,9,0.01694932417124433,5,2.129769105510178,877,0.010707712109770782,1.0192873377205895,0.6318212352431953,COMPLETE
2,8.755104357806065,2026-05-28 17:48:52.023984,2026-05-28 17:48:52.217520,0 days 00:00:00.193536,0.9033291826268561,2.571172192068058,42,0.02485254280893949,3,1.6424199098700283,228,0.06077686426194467,0.36462174779217404,0.7552314928976662,COMPLETE
3,9.35514774302109,2026-05-28 17:48:52.217558,2026-05-28 17:48:52.368560,0 days 00:00:00.151002,0.9137788066524075,0.48836057003191935,42,0.10568649045073551,2,2.131736233194157,253,0.16413094407760043,1.905106397402321,0.9845344148835518,COMPLETE
4,9.858651535505498,2026-05-28 17:48:52.368596,2026-05-28 17:48:52.507834,0 days 00:00:00.139238,0.8481350279592919,2.600340105889054,14,0.09579029805226609,2,2.1696653211808674,506,0.03706595581487583,0.6520470162863903,0.6664509917200077,COMPLETE
5,9.27558618021205,2026-05-28 17:48:52.507870,2026-05-28 17:48:52.818183,0 days 00:00:00.310313,0.9648434057604026,0.979914312095726,63,0.09240189863957583,5,1.245946655446098,725,0.00016312543168284647,1.1762349745037362,0.8190549904649883,COMPLETE
6,9.113300975911084,2026-05-28 17:48:52.818227,2026-05-28 17:48:53.074715,0 days 00:00:00.256488,0.7942132374212119,4.010984903770199,30,0.024266184742596376,5,1.4193280334856115,331,0.00022403260998810274,18.928359017833206,0.6764205293593214,COMPLETE
7,8.850764362945675,2026-05-28 17:48:53.074765,2026-05-28 17:48:53.235970,0 days 00:00:00.161205,0.8780532256184443,0.3702232586704518,52,0.07586311661632818,2,6.797363478611678,275,0.0048352585996829555,0.48804047955123186,0.8680858047314277,COMPLETE
8,8.92601186504867,2026-05-28 17:48:53.236016,2026-05-28 17:48:53.515427,0 days 00:00:00.279411,0.6963324949120362,3.1877873567760657,57,0.011710919068010249,3,6.1288261826461685,606,1.4756591831687822,2.1797073283273325,0.689942044772048,COMPLETE
9,9.346149613900513,2026-05-28 17:48:53.515467,2026-05-28 17:48:53.716054,0 days 00:00:00.200587,0.7722080183639759,2.137705091792748,14,0.040338507491290705,5,3.6654176448828446,677,0.0001316569270260006,0.471960194555155,0.8969352309795524,COMPLETE
10,9.160588620743145,2026-05-28 17:48:53.716091,2026-05-28 17:48:53.867673,0 days 00:00:00.151582,0.958449157877133,1.626799989856424,44,0.023676362309657823,3,10.85841883793032,124,2.816731511736821,0.31591896979108236,0.7592450782409965,COMPLETE
11,8.934500668502858,2026-05-28 17:48:53.867714,2026-05-28 17:48:54.057659,0 days 00:00:00.189945,0.8667647168914133,0.03926657257777949,51,0.05748092070112391,2,5.790783661342894,393,0.005077185969992698,0.3085844872607354,0.8715240903087359,COMPLETE
12,8.981554749026078,2026-05-28 17:48:54.057699,2026-05-28 17:48:54.213496,0 days 00:00:00.155797,0.9932365836244416,1.3886785756627364,49,0.06592812523173805,3,8.507819455677456,131,0.0015776032557137754,4.944431402788813,0.7909725322667228,COMPLETE
13,8.887535444310833,2026-05-28 17:48:54.213535,2026-05-28 17:48:54.416973,0 days 00:00:00.203438,0.8778614809836929,3.4498839763590965,38,0.02772225408282363,4,3.8056926296084836,264,0.3418686918624544,0.7259811225907045,0.9420159209013825,COMPLETE
14,8.781084133769165,2026-05-28 17:48:54.417013,2026-05-28 17:48:54.576280,0 days 00:00:00.159267,0.7932074093176293,4.8463492602435885,31,0.016647850801559918,2,5.178094890851157,409,0.0024686049508238026,0.48783136018155526,0.7396934278245668,COMPLETE
15,8.845174769086778,2026-05-28 17:48:54.576317,2026-05-28 17:48:54.771573,0 days 00:00:00.195256,0.7621789156845664,4.898232498406144,28,0.015665720923180936,3,3.133780880845067,465,0.0015531525177480785,1.3443188862664808,0.5521330538438903,COMPLETE
16,8.98966431776484,2026-05-28 17:48:54.771610,2026-05-28 17:48:54.960493,0 days 00:00:00.188883,0.5606629351776244,3.4483721260588363,22,0.010610991344307,4,4.444109321467504,407,0.001155075788284907,4.182902683684826,0.7462927769666657,COMPLETE
17,9.264467662787698,2026-05-28 17:48:54.960528,2026-05-28 17:48:55.105914,0 days 00:00:00.145386,0.8092856834405467,4.7773638600490145,35,0.01684638625727806,2,1.6718565307022861,198,0.49202400323309675,9.224398048487696,0.7202162630123761,COMPLETE
18,8.907992792788214,2026-05-28 17:48:55.105951,2026-05-28 17:48:55.295175,0 days 00:00:00.189224,0.7345991901651895,4.061080132164645,21,0.03230174049926075,3,2.9391445478829614,574,0.020241492443172707,0.6775473540896544,0.8157618002672277,COMPLETE
19,8.702170922206562,2026-05-28 17:48:55.295214,2026-05-28 17:48:55.460657,0 days 00:00:00.165443,0.7002601417187544,1.9824935618186974,36,0.019914824290995566,2,4.683013647088363,360,0.11460207721702088,0.40821482716934326,0.5598035399551252,COMPLETE
20,8.89558793297953,2026-05-28 17:48:55.460695,2026-05-28 17:48:55.637618,0 days 00:00:00.176923,0.6931574348092894,1.8397232247150037,43,0.021343038445173556,3,2.581480730283221,337,0.12463309762136626,2.907023163443822,0.5603279012280223,COMPLETE
21,8.824780346338542,2026-05-28 17:48:55.637658,2026-05-28 17:48:55.807774,0 days 00:00:00.170116,0.7291896555857554,2.933749628010072,35,0.014277361887918314,2,4.736981226897977,428,0.022168935242502498,0.45997694811823964,0.6095786344451393,COMPLETE
22,9.054911746332802,2026-05-28 17:48:55.807812,2026-05-28 17:48:55.962204,0 days 00:00:00.154392,0.6595795052205374,2.0699310420135095,24,0.019291404923064914,2,4.787083878992408,319,0.7839976764408817,0.3735151870843955,0.750732131497389,COMPLETE
23,8.913682341417744,2026-05-28 17:48:55.962247,2026-05-28 17:48:56.090354,0 days 00:00:00.128107,0.840696370683626,0.9441379972839925,38,0.02973492838748552,2,8.510736291840198,193,0.07580761891470292,0.8608106486321574,0.8249599668472107,COMPLETE
24,8.862937302233854,2026-05-28 17:48:56.090391,2026-05-28 17:48:56.267510,0 days 00:00:00.177119,0.9205756870243442,2.2926715561943083,33,0.013564434494595254,3,7.834843659423838,372,0.0004609183536347293,0.5070194710747733,0.7123348622883543,COMPLETE
25,8.833022536138097,2026-05-28 17:48:56.267552,2026-05-28 17:48:56.472791,0 days 00:00:00.205239,0.821354292822726,3.640126937833031,46,0.04008386985120784,2,5.466120006947112,522,0.00851875357837546,1.626429721824802,0.5923630966832003,COMPLETE
26,8.714112719756603,2026-05-28 17:48:56.472830,2026-05-28 17:48:56.641842,0 days 00:00:00.169012,0.5719546179458463,1.3235859990233962,39,0.019673775983675593,4,1.7157851930014902,205,0.04867418072120381,0.6014103812138281,0.6547399792896405,COMPLETE
27,8.671090089181613,2026-05-28 17:48:56.641883,2026-05-28 17:48:56.832628,0 days 00:00:00.190745,0.5616620942159836,1.267827765804209,41,0.02044448579304677,4,1.0055452687732243,191,0.21904501079723035,0.8241784439788495,0.6541680755561614,COMPLETE
28,8.916723702313622,2026-05-28 17:48:56.832667,2026-05-28 17:48:57.014388,0 days 00:00:00.181721,0.5547793347086023,1.294361791574184,56,0.019543102448403488,4,1.0213633073695543,168,0.44011758893837377,0.8987125711376296,0.6526325737108636,COMPLETE
29,8.733115233630096,2026-05-28 17:48:57.014431,2026-05-28 17:48:57.223451,0 days 00:00:00.209020,0.6041008910964407,1.0535882098661722,38,0.04818525789677138,4,1.0016630844282328,286,0.20828393089385652,1.3565796563007075,0.5953713461242107,COMPLETE
30,8.97440031810271,2026-05-28 17:48:57.223504,2026-05-28 17:48:57.390399,0 days 00:00:00.166895,0.5925689148322761,1.758331499363437,27,0.012659002089873781,4,1.2520863433508453,209,4.085568060930556,0.6767185024363709,0.6330866022298907,COMPLETE
31,8.692179385661372,2026-05-28 17:48:57.390439,2026-05-28 17:48:57.611948,0 days 00:00:00.221509,0.6013011220586936,0.9629321992403538,39,0.04887837540746255,4,1.083501456257162,290,0.19531573496395338,1.3988441865453738,0.5879361711947643,COMPLETE
32,8.758715288570723,2026-05-28 17:48:57.611985,2026-05-28 17:48:57.838786,0 days 00:00:00.226801,0.6388810067894312,0.7441008024135909,40,0.0365713709694077,4,1.5272860830791921,321,0.06721498930800354,1.0130120473489206,0.5779249438440855,COMPLETE
33,9.061980021632966,2026-05-28 17:48:57.838821,2026-05-28 17:48:58.006663,0 days 00:00:00.167842,0.5878153337201465,1.3940632841934733,48,0.01978125075663987,4,1.8635902675857818,164,0.9893707301235337,2.949881260846244,0.6285011868218612,COMPLETE
34,8.813334341960557,2026-05-28 17:48:58.006703,2026-05-28 17:48:58.217540,0 days 00:00:00.210837,0.6632209184010652,0.642172125113806,34,0.049586795144524076,5,1.1715632601997463,244,0.2279271154410466,1.581914947318789,0.6390595233920194,COMPLETE
35,8.654040891620374,2026-05-28 17:48:58.217579,2026-05-28 17:48:58.410022,0 days 00:00:00.192443,0.6199619928435447,1.5974004805342457,41,0.027320725216720743,4,1.3644403276313315,232,0.041308103964528435,0.8359953085580072,0.5783663328165816,COMPLETE
36,8.800129214240219,2026-05-28 17:48:58.410056,2026-05-28 17:48:58.615536,0 days 00:00:00.205480,0.6267107165844439,1.8871125867310652,45,0.028559819748875465,4,1.347664330127911,288,0.11897341878592892,1.0811515732795216,0.5710764560959672,COMPLETE
37,8.53103558649818,2026-05-28 17:48:58.615576,2026-05-28 17:48:58.969417,0 days 00:00:00.353841,0.6125887104168158,0.2519634755226319,41,0.03417099485077333,5,1.1093436609515404,814,0.03257001442175351,0.835869096319018,0.6031515701807155,COMPLETE
38,8.674288911214406,2026-05-28 17:48:58.969456,2026-05-28 17:48:59.330918,0 days 00:00:00.361462,0.6163049083488905,0.22922808430297262,42,0.03454134569153659,5,1.1215732876378306,834,0.02809020798782168,0.8525117508442874,0.6088302405438154,COMPLETE
39,8.796164648235184,2026-05-28 17:48:59.330960,2026-05-28 17:48:59.843839,0 days 00:00:00.512879,0.6524813519188312,0.044682777903259696,55,0.03178346921246299,5,1.9624600645458696,831,0.012425633343997143,1.7536061457247702,0.6885476015374001,COMPLETE
40,8.81130344050668,2026-05-28 17:48:59.843878,2026-05-28 17:49:00.248131,0 days 00:00:00.404253,0.617345902303444,0.40687309056392784,63,0.036492876596813835,5,1.4215850509065895,787,0.03300284661305972,0.8819553697049277,0.6148669651290574,COMPLETE
41,8.600518310239641,2026-05-28 17:49:00.248170,2026-05-28 17:49:00.571183,0 days 00:00:00.323013,0.5810896383471447,0.22427704419279948,41,0.044721144094430655,5,1.09110184174482,849,0.029978451033902447,1.23419036986398,0.5943736462012013,COMPLETE
42,8.637419476575786,2026-05-28 17:49:00.571224,2026-05-28 17:49:01.044888,0 days 00:00:00.473664,0.5799882680218862,0.2217880901803273,42,0.026024041981207502,5,1.1776679190194597,891,0.03153099803775918,2.1687931962855176,0.6114500633757664,COMPLETE
43,8.807182291006887,2026-05-28 17:49:01.044934,2026-05-28 17:49:01.506502,0 days 00:00:00.461568,0.5856876839559013,0.5956351248520837,48,0.026014284859738897,5,1.278541704729328,884,0.014104557952227575,2.1780715733349654,0.6738387176068028,COMPLETE
44,8.634640166979528,2026-05-28 17:49:01.506557,2026-05-28 17:49:01.932084,0 days 00:00:00.425527,0.5709766112764654,0.2695048699852636,41,0.02315891418194797,5,1.5316874995021517,739,0.00779470047631777,1.2180725982183953,0.6045520141892587,COMPLETE
45,8.995312049391885,2026-05-28 17:49:01.932127,2026-05-28 17:49:02.296105,0 days 00:00:00.363978,0.5760384505203628,0.27739277958088043,52,0.04311792459726656,5,2.2679892997614495,743,0.005353934588597375,2.070557586949877,0.5968542192273496,COMPLETE
46,8.82819800505421,2026-05-28 17:49:02.296148,2026-05-28 17:49:02.756455,0 days 00:00:00.460307,0.6386355871675276,0.07098447000871225,46,0.02425211026371933,5,1.5454436003852334,684,0.007800730155400315,3.1988471076981875,0.6214169983882358,COMPLETE
47,8.992088165659336,2026-05-28 17:49:02.756495,2026-05-28 17:49:03.042108,0 days 00:00:00.285613,0.672498166710482,0.4660155643962262,31,0.05700333729706963,5,1.1878056187888042,899,0.0032810689732364192,1.2054526463446202,0.5752712577531282,COMPLETE
48,8.670212044465377,2026-05-28 17:49:03.042148,2026-05-28 17:49:03.463100,0 days 00:00:00.420952,0.6067116890118557,0.7846366072390112,43,0.023269276888061182,5,1.430651584924261,778,0.04634478833430796,2.550502151639125,0.7041671980994457,COMPLETE
49,9.669045127669461,2026-05-28 17:49:03.463141,2026-05-28 17:49:03.709037,0 days 00:00:00.245896,0.5531878944756285,0.2029343863866684,8,0.026879967706883483,5,1.8004947232394781,854,0.014326886666083144,3.6918965758217976,0.6393183308455456,COMPLETE
50,8.87135322882431,2026-05-28 17:49:03.709077,2026-05-28 17:49:04.038977,0 days 00:00:00.329900,0.576836731534681,0.440735469232755,50,0.08818907862302697,5,2.3846888248534888,797,0.02172723416349307,10.418544273575474,0.5522718106857636,COMPLETE
51,8.689036157850202,2026-05-28 17:49:04.039018,2026-05-28 17:49:04.472783,0 days 00:00:00.433765,0.6075670536062853,0.8094937893765564,43,0.023734069441393897,5,1.444762986229557,768,0.047238048286471476,2.4156582729053375,0.7034150176702674,COMPLETE
52,8.941157501000319,2026-05-28 17:49:04.472821,2026-05-28 17:49:04.906911,0 days 00:00:00.434090,0.631563066957701,0.6266064684128222,45,0.022867144607084337,5,1.3144142671697194,699,0.03510114934830976,1.8564573978227599,0.6024992286702493,COMPLETE
53,8.834225008980596,2026-05-28 17:49:04.906959,2026-05-28 17:49:05.274316,0 days 00:00:00.367357,0.6854653793771128,0.2316830283805884,41,0.032663729235303744,5,2.032388563837545,652,0.06796615693413677,1.092091646613637,0.7797413764978904,COMPLETE
54,9.162655507658167,2026-05-28 17:49:05.274360,2026-05-28 17:49:05.853528,0 days 00:00:00.579168,0.6467896020439432,0.002781691424769639,48,0.029776386122001237,5,1.5493182838574402,816,0.007459831501143946,2.5360621525339857,0.9990564809509803,COMPLETE
55,8.871485758310282,2026-05-28 17:49:05.853570,2026-05-28 17:49:06.201634,0 days 00:00:00.348064,0.6024200340737265,1.5526179043167982,36,0.03989161075583862,5,1.1393576012979323,861,0.09229832218599654,5.344970067929918,0.5751826555314055,COMPLETE
56,8.795211795036746,2026-05-28 17:49:06.201671,2026-05-28 17:49:06.593919,0 days 00:00:00.392248,0.5718137181835931,1.0984925570309696,44,0.022134812743490447,5,1.4090337073986308,745,0.016247620921464485,1.4531993965116312,0.6685389375698885,COMPLETE
57,8.535047468135305,2026-05-28 17:49:06.593956,2026-05-28 17:49:06.916163,0 days 00:00:00.322207,0.6204237395141058,0.7322108269201867,37,0.025381227067168673,5,1.6154983530207854,635,0.0031686615929060065,0.5779961587047926,0.6260899640848726,COMPLETE
58,8.572511517058537,2026-05-28 17:49:06.916213,2026-05-28 17:49:07.304708,0 days 00:00:00.388495,0.730886659348365,0.5753859810750896,33,0.018145566494075747,5,1.6618859604861218,622,0.0007807264345619198,0.6189903725017152,0.6227475512110525,COMPLETE
59,8.662700984053377,2026-05-28 17:49:07.304746,2026-05-28 17:49:07.665218,0 days 00:00:00.360472,0.7265832829169789,0.5712481519520977,32,0.018226891291256223,5,1.639106052719776,620,0.00032569290194151376,0.5924943460662543,0.6219656051850445,COMPLETE
60,9.003080469957567,2026-05-28 17:49:07.665265,2026-05-28 17:49:07.874708,0 days 00:00:00.209443,0.7139349074405257,0.3653010101126667,29,0.11809578970458659,5,2.6707757015726736,714,0.0006596580792791469,0.7261556695970387,0.9342411216360665,COMPLETE
61,8.651885769865114,2026-05-28 17:49:07.874744,2026-05-28 17:49:08.166987,0 days 00:00:00.292243,0.6768108766658207,2.781319513584477,36,0.025874422547054476,5,1.1927102924224453,565,0.003364840185771635,0.557520535444706,0.6453050457849808,COMPLETE
62,8.76967048254541,2026-05-28 17:49:08.167027,2026-05-28 17:49:08.539565,0 days 00:00:00.372538,0.7480199378680097,2.762360254634379,37,0.01563126372497891,5,1.2417639577400512,553,0.00273020497863694,0.5421468445161902,0.655810476212186,COMPLETE
63,8.725332069980542,2026-05-28 17:49:08.539605,2026-05-28 17:49:08.806597,0 days 00:00:00.266992,0.710148814068587,2.546588020756527,26,0.025566167163397043,5,1.0849207502803093,647,0.0011605755239161078,0.40646139795793856,0.6428760560244404,COMPLETE
64,8.643538500910157,2026-05-28 17:49:08.806638,2026-05-28 17:49:09.154875,0 days 00:00:00.348237,0.6634404360426589,3.0788240030183402,36,0.018217308356387688,5,1.2018036058607453,596,0.004016462988117894,0.5900081754712826,0.6164209230424083,COMPLETE
65,8.69851700746085,2026-05-28 17:49:09.154928,2026-05-28 17:49:09.540693,0 days 00:00:00.385765,0.7836148168847987,3.1139406029738796,33,0.01799368674372499,5,1.732238463722658,618,0.0018918398019114355,0.7194137437468416,0.6144262804262403,COMPLETE
66,8.845276260823567,2026-05-28 17:49:09.540731,2026-05-28 17:49:09.859826,0 days 00:00:00.319095,0.5949777794989719,2.2668452314676575,39,0.021442841420834757,5,1.068997417713289,533,0.005525881094558311,0.44317274063445067,0.587783786346952,COMPLETE
67,8.696936229175076,2026-05-28 17:49:09.859866,2026-05-28 17:49:10.164527,0 days 00:00:00.304661,0.5801979519484425,3.8435421128316487,35,0.015023496338700577,5,1.5959881156058955,472,0.000858020412374669,0.3209155716057683,0.6849544056636113,COMPLETE
68,9.258112684013046,2026-05-28 17:49:10.164573,2026-05-28 17:49:10.373844,0 days 00:00:00.209271,0.5505961311153247,0.14731161408037852,17,0.017629589471208983,5,11.55425469592946,651,0.010171070754631004,0.9415829855570775,0.7279506837592146,COMPLETE
69,8.751510669745318,2026-05-28 17:49:10.373884,2026-05-28 17:49:10.624381,0 days 00:00:00.250497,0.6640900719169174,3.2810695562661145,30,0.04458056761478067,5,1.9301016561282165,752,0.001866387634825061,1.2210740492843664,0.6033818971537639,COMPLETE
70,8.576273421258712,2026-05-28 17:49:10.624421,2026-05-28 17:49:10.972791,0 days 00:00:00.348370,0.5663227575890889,4.45442250431636,37,0.012581884933297479,5,1.2361513916674964,600,0.00018934417803918944,0.6263564264467193,0.6275769325618058,COMPLETE
71,8.693953659138133,2026-05-28 17:49:10.972830,2026-05-28 17:49:11.341947,0 days 00:00:00.369117,0.5658831055467911,4.303540684188942,37,0.010121893337592397,5,1.2833886243857608,608,0.0001904717223742542,0.6354450749978827,0.6271038489467878,COMPLETE
72,8.660004057259462,2026-05-28 17:49:11.341989,2026-05-28 17:49:11.666594,0 days 00:00:00.324605,0.6238154484301398,4.420985814506697,40,0.012450765726076509,5,1.191308362867413,494,0.0003120763053209991,0.7749538605759447,0.5661641692697759,COMPLETE
73,8.71510094544983,2026-05-28 17:49:11.666634,2026-05-28 17:49:12.041807,0 days 00:00:00.375173,0.5865000688279419,4.571456170371676,34,0.011661167243491415,5,1.4811417125008586,678,0.0005347498129020994,0.5363136792631691,0.5891768892775067,COMPLETE
74,8.681148479464918,2026-05-28 17:49:12.041844,2026-05-28 17:49:12.472299,0 days 00:00:00.430455,0.641559559853981,0.8731733669629278,38,0.016142282525042004,5,1.0841651882453576,821,0.004245151265172386,0.6478817299871054,0.6611814703802467,COMPLETE
75,8.546763403263943,2026-05-28 17:49:12.472339,2026-05-28 17:49:12.983113,0 days 00:00:00.510774,0.5637211433510365,0.35962908060759424,42,0.013985162379518898,5,1.2838634292716016,854,0.00011917935413673424,0.36522279936200247,0.6300564284411349,COMPLETE
76,8.870663304903335,2026-05-28 17:49:12.983170,2026-05-28 17:49:13.402815,0 days 00:00:00.419645,0.5591913444089129,0.3542853052104832,46,0.013600274258914627,5,4.028053721422918,854,0.00010931258747553357,0.39207550869439917,0.6376332091165992,COMPLETE
77,8.578078170648666,2026-05-28 17:49:13.402871,2026-05-28 17:49:13.903754,0 days 00:00:00.500883,0.5711060871456247,0.6909124509804245,40,0.010933959812114393,5,1.3270573869445186,877,0.0002515028114761965,0.34666226958894664,0.6051771702888984,COMPLETE
78,8.831859078045037,2026-05-28 17:49:13.903795,2026-05-28 17:49:14.282580,0 days 00:00:00.378785,0.5681789156685975,1.2069790299473522,39,0.011623522057232149,5,3.3106578804736952,802,0.00013823492866208686,0.46818294500058094,0.5876958524168722,COMPLETE
79,8.70112202042115,2026-05-28 17:49:14.282622,2026-05-28 17:49:14.877048,0 days 00:00:00.594426,0.907617966890831,0.7324313918178559,41,0.01427848402396827,5,1.3537688744638947,870,0.00024331364955308755,0.32320253199156257,0.5616362461241076,COMPLETE
